c:\users\liam\desktop\minitrace\minitraceoglwin\debug\vc120.pdb
c:\users\liam\desktop\minitrace\minitraceoglwin\debug\vc120.idb
c:\users\liam\desktop\minitrace\minitraceoglwin\debug\box.obj
c:\users\liam\desktop\minitrace\minitraceoglwin\debug\camera.obj
c:\users\liam\desktop\minitrace\minitraceoglwin\debug\light.obj
c:\users\liam\desktop\minitrace\minitraceoglwin\debug\material.obj
c:\users\liam\desktop\minitrace\minitraceoglwin\debug\minitraceoglwinmain.obj
c:\users\liam\desktop\minitrace\minitraceoglwin\debug\oglapplication.obj
c:\users\liam\desktop\minitrace\minitraceoglwin\debug\oglwindow.obj
c:\users\liam\desktop\minitrace\minitraceoglwin\debug\plane.obj
c:\users\liam\desktop\minitrace\minitraceoglwin\debug\ray.obj
c:\users\liam\desktop\minitrace\minitraceoglwin\debug\raytracer.obj
c:\users\liam\desktop\minitrace\minitraceoglwin\debug\scene.obj
c:\users\liam\desktop\minitrace\minitraceoglwin\debug\sphere.obj
c:\users\liam\desktop\minitrace\minitraceoglwin\debug\triangle.obj
c:\users\liam\desktop\minitrace\minitraceoglwin\debug\vector3.obj
\\ctstudent2\studentusers\100293154\documents\graphics\graphics 2\minitrace\minitraceoglwin\debug\box.obj
\\ctstudent2\studentusers\100293154\documents\graphics\graphics 2\minitrace\minitraceoglwin\debug\camera.obj
\\ctstudent2\studentusers\100293154\documents\graphics\graphics 2\minitrace\minitraceoglwin\debug\light.obj
\\ctstudent2\studentusers\100293154\documents\graphics\graphics 2\minitrace\minitraceoglwin\debug\material.obj
\\ctstudent2\studentusers\100293154\documents\graphics\graphics 2\minitrace\minitraceoglwin\debug\minitraceoglwinmain.obj
\\ctstudent2\studentusers\100293154\documents\graphics\graphics 2\minitrace\minitraceoglwin\debug\oglapplication.obj
\\ctstudent2\studentusers\100293154\documents\graphics\graphics 2\minitrace\minitraceoglwin\debug\oglwindow.obj
\\ctstudent2\studentusers\100293154\documents\graphics\graphics 2\minitrace\minitraceoglwin\debug\plane.obj
\\ctstudent2\studentusers\100293154\documents\graphics\graphics 2\minitrace\minitraceoglwin\debug\ray.obj
\\ctstudent2\studentusers\100293154\documents\graphics\graphics 2\minitrace\minitraceoglwin\debug\raytracer.obj
\\ctstudent2\studentusers\100293154\documents\graphics\graphics 2\minitrace\minitraceoglwin\debug\scene.obj
\\ctstudent2\studentusers\100293154\documents\graphics\graphics 2\minitrace\minitraceoglwin\debug\sphere.obj
\\ctstudent2\studentusers\100293154\documents\graphics\graphics 2\minitrace\minitraceoglwin\debug\triangle.obj
\\ctstudent2\studentusers\100293154\documents\graphics\graphics 2\minitrace\minitraceoglwin\debug\vector3.obj
\\ctstudent2\studentusers\100293154\documents\graphics\graphics 2\minitrace\minitraceoglwin\debug\vc120.pdb
c:\users\liam\desktop\minitrace\debug\minitraceoglwin.ilk
c:\users\liam\desktop\minitrace\debug\minitraceoglwin.exe
c:\users\liam\desktop\minitrace\debug\minitraceoglwin.pdb
\\ctstudent2\studentusers\100293154\documents\graphics\graphics 2\minitrace\debug\minitraceoglwin.ilk
\\ctstudent2\studentusers\100293154\documents\graphics\graphics 2\minitrace\debug\minitraceoglwin.exe
\\ctstudent2\studentusers\100293154\documents\graphics\graphics 2\minitrace\debug\minitraceoglwin.pdb
c:\users\liam\desktop\minitrace\minitraceoglwin\debug\oglwin32.res
\\ctstudent2\studentusers\100293154\documents\graphics\graphics 2\minitrace\minitraceoglwin\debug\oglwin32.res
\\ctstudent2\studentusers\100293154\documents\graphics\graphics 2\100293154_raytracer\source\minitrace - working\minitraceoglwin\debug\box.obj
\\ctstudent2\studentusers\100293154\documents\graphics\graphics 2\100293154_raytracer\source\minitrace - working\minitraceoglwin\debug\camera.obj
\\ctstudent2\studentusers\100293154\documents\graphics\graphics 2\100293154_raytracer\source\minitrace - working\minitraceoglwin\debug\light.obj
\\ctstudent2\studentusers\100293154\documents\graphics\graphics 2\100293154_raytracer\source\minitrace - working\minitraceoglwin\debug\material.obj
\\ctstudent2\studentusers\100293154\documents\graphics\graphics 2\100293154_raytracer\source\minitrace - working\minitraceoglwin\debug\minitraceoglwinmain.obj
\\ctstudent2\studentusers\100293154\documents\graphics\graphics 2\100293154_raytracer\source\minitrace - working\minitraceoglwin\debug\oglapplication.obj
\\ctstudent2\studentusers\100293154\documents\graphics\graphics 2\100293154_raytracer\source\minitrace - working\minitraceoglwin\debug\oglwindow.obj
\\ctstudent2\studentusers\100293154\documents\graphics\graphics 2\100293154_raytracer\source\minitrace - working\minitraceoglwin\debug\plane.obj
\\ctstudent2\studentusers\100293154\documents\graphics\graphics 2\100293154_raytracer\source\minitrace - working\minitraceoglwin\debug\ray.obj
\\ctstudent2\studentusers\100293154\documents\graphics\graphics 2\100293154_raytracer\source\minitrace - working\minitraceoglwin\debug\raytracer.obj
\\ctstudent2\studentusers\100293154\documents\graphics\graphics 2\100293154_raytracer\source\minitrace - working\minitraceoglwin\debug\scene.obj
\\ctstudent2\studentusers\100293154\documents\graphics\graphics 2\100293154_raytracer\source\minitrace - working\minitraceoglwin\debug\sphere.obj
\\ctstudent2\studentusers\100293154\documents\graphics\graphics 2\100293154_raytracer\source\minitrace - working\minitraceoglwin\debug\triangle.obj
\\ctstudent2\studentusers\100293154\documents\graphics\graphics 2\100293154_raytracer\source\minitrace - working\minitraceoglwin\debug\vector3.obj
\\ctstudent2\studentusers\100293154\documents\graphics\graphics 2\100293154_raytracer\source\minitrace - working\minitraceoglwin\debug\oglwin32.res
\\ctstudent2\studentusers\100293154\documents\graphics\graphics 2\100293154_raytracer\source\minitrace - working\minitraceoglwin\debug\vc120.idb
\\ctstudent2\studentusers\100293154\documents\graphics\graphics 2\100293154_raytracer\source\minitrace - working\minitraceoglwin\debug\vc120.pdb
\\ctstudent2\studentusers\100293154\documents\graphics\graphics 2\100293154_raytracer\source\minitrace - working\debug\minitraceoglwin.pdb
\\ctstudent2\studentusers\100293154\documents\graphics\graphics 2\100293154_raytracer\source\minitrace - working\debug\minitraceoglwin.exe
\\ctstudent2\studentusers\100293154\documents\graphics\graphics 2\100293154_raytracer\source\minitrace - working\debug\minitraceoglwin.ilk
\\ctstudent2\studentusers\100293154\documents\graphics\graphics 2\100293154_raytracer\source\minitrace - working\minitraceoglwin\debug\minitraceoglwin.tlog\cl.command.1.tlog
\\ctstudent2\studentusers\100293154\documents\graphics\graphics 2\100293154_raytracer\source\minitrace - working\minitraceoglwin\debug\minitraceoglwin.tlog\cl.read.1.tlog
\\ctstudent2\studentusers\100293154\documents\graphics\graphics 2\100293154_raytracer\source\minitrace - working\minitraceoglwin\debug\minitraceoglwin.tlog\cl.write.1.tlog
\\ctstudent2\studentusers\100293154\documents\graphics\graphics 2\100293154_raytracer\source\minitrace - working\minitraceoglwin\debug\minitraceoglwin.tlog\link.command.1.tlog
\\ctstudent2\studentusers\100293154\documents\graphics\graphics 2\100293154_raytracer\source\minitrace - working\minitraceoglwin\debug\minitraceoglwin.tlog\link.read.1.tlog
\\ctstudent2\studentusers\100293154\documents\graphics\graphics 2\100293154_raytracer\source\minitrace - working\minitraceoglwin\debug\minitraceoglwin.tlog\link.write.1.tlog
\\ctstudent2\studentusers\100293154\documents\graphics\graphics 2\100293154_raytracer\source\minitrace - working\minitraceoglwin\debug\minitraceoglwin.tlog\rc.command.1.tlog
\\ctstudent2\studentusers\100293154\documents\graphics\graphics 2\100293154_raytracer\source\minitrace - working\minitraceoglwin\debug\minitraceoglwin.tlog\rc.read.1.tlog
\\ctstudent2\studentusers\100293154\documents\graphics\graphics 2\100293154_raytracer\source\minitrace - working\minitraceoglwin\debug\minitraceoglwin.tlog\rc.write.1.tlog
